2023-06-08 08:25:07 [main] INFO  c.m.d.t.t.k.s.TwitterToKafkaServiceApplication - Starting TwitterToKafkaServiceApplication on ankan-HP-Pavilion-Laptop-13-bb0xxx with PID 19973 (/home/ankan/Documents/spring-cloud/microservices-demo/twitter-to-kafka-service/target/classes started by ankan in /home/ankan/Documents/spring-cloud/microservices-demo)
2023-06-08 08:25:07 [main] INFO  c.m.d.t.t.k.s.TwitterToKafkaServiceApplication - No active profile set, falling back to default profiles: default
2023-06-08 08:25:07 [main] INFO  c.m.d.t.t.k.s.TwitterToKafkaServiceApplication - Started TwitterToKafkaServiceApplication in 0.827 seconds (JVM running for 1.912)
2023-06-08 08:25:07 [main] INFO  c.m.d.t.t.k.s.TwitterToKafkaServiceApplication - App starts...
2023-06-08 08:25:07 [main] INFO  c.m.d.t.t.k.s.TwitterToKafkaServiceApplication - [Java, Microservices, Kafka, Elasticsearch]
2023-06-08 08:25:07 [main] INFO  c.m.d.t.t.k.s.TwitterToKafkaServiceApplication - Hello microservices!
2023-06-08 08:25:07 [main] INFO  c.m.d.t.t.k.s.r.i.MockKafkaStreamRunner - Starting mock filtering twitter streams for keywords [Java, Microservices, Kafka, Elasticsearch]
2023-06-08 08:25:07 [pool-1-thread-1] INFO  c.m.d.t.t.k.s.l.TwitterKafkaStatusListener - Twitter status with text adipiscing consectetuer malesuada pulvinar Kafka Maecenas dolor
2023-06-08 08:25:17 [pool-1-thread-1] INFO  c.m.d.t.t.k.s.l.TwitterKafkaStatusListener - Twitter status with text adipiscing adipiscing elit dolor pulvinar Java adipiscing amet lectus
2023-06-08 08:25:27 [pool-1-thread-1] INFO  c.m.d.t.t.k.s.l.TwitterKafkaStatusListener - Twitter status with text malesuada porttitor pulvinar Java ultricies magna
2023-06-08 08:25:37 [pool-1-thread-1] INFO  c.m.d.t.t.k.s.l.TwitterKafkaStatusListener - Twitter status with text malesuada malesuada libero Elasticsearch massa sit
2023-06-08 08:25:47 [pool-1-thread-1] INFO  c.m.d.t.t.k.s.l.TwitterKafkaStatusListener - Twitter status with text sit ultricies dolor pulvinar congue Elasticsearch consectetuer amet purus Lorem
2023-06-08 08:25:57 [pool-1-thread-1] INFO  c.m.d.t.t.k.s.l.TwitterKafkaStatusListener - Twitter status with text purus massa purus congue Lorem Elasticsearch pulvinar sit elit malesuada
2023-06-08 08:26:07 [pool-1-thread-1] INFO  c.m.d.t.t.k.s.l.TwitterKafkaStatusListener - Twitter status with text consectetuer consectetuer purus adipiscing massa Elasticsearch porttitor consectetuer sed
2023-06-08 08:26:17 [pool-1-thread-1] INFO  c.m.d.t.t.k.s.l.TwitterKafkaStatusListener - Twitter status with text malesuada ipsum porttitor libero magna consectetuer Elasticsearch elit sit amet consectetuer
2023-06-08 08:26:27 [pool-1-thread-1] INFO  c.m.d.t.t.k.s.l.TwitterKafkaStatusListener - Twitter status with text sed posuere congue lectus Elasticsearch libero Lorem
2023-06-08 08:26:37 [pool-1-thread-1] INFO  c.m.d.t.t.k.s.l.TwitterKafkaStatusListener - Twitter status with text amet porttitor amet sed sed libero Elasticsearch ultricies Maecenas purus ipsum
2023-06-08 08:26:47 [pool-1-thread-1] INFO  c.m.d.t.t.k.s.l.TwitterKafkaStatusListener - Twitter status with text elit ultricies amet ipsum adipiscing porttitor Kafka Lorem sit magna sed
2023-06-08 08:26:57 [pool-1-thread-1] INFO  c.m.d.t.t.k.s.l.TwitterKafkaStatusListener - Twitter status with text Fusce Fusce Maecenas libero Maecenas Kafka malesuada sed Fusce consectetuer
2023-06-08 08:27:07 [pool-1-thread-1] INFO  c.m.d.t.t.k.s.l.TwitterKafkaStatusListener - Twitter status with text malesuada magna amet posuere amet Java ipsum consectetuer porttitor
2023-06-08 08:27:17 [pool-1-thread-1] INFO  c.m.d.t.t.k.s.l.TwitterKafkaStatusListener - Twitter status with text dolor adipiscing amet congue congue libero Elasticsearch lectus ultricies ipsum ipsum
2023-06-08 08:27:27 [pool-1-thread-1] INFO  c.m.d.t.t.k.s.l.TwitterKafkaStatusListener - Twitter status with text lectus massa ipsum sit dolor Microservices massa sit ultricies
2023-06-08 08:27:37 [pool-1-thread-1] INFO  c.m.d.t.t.k.s.l.TwitterKafkaStatusListener - Twitter status with text Fusce Fusce massa dolor lectus Java dolor ipsum ipsum massa
2023-06-08 08:27:47 [pool-1-thread-1] INFO  c.m.d.t.t.k.s.l.TwitterKafkaStatusListener - Twitter status with text elit porttitor dolor Kafka Fusce ipsum
2023-06-08 08:27:57 [pool-1-thread-1] INFO  c.m.d.t.t.k.s.l.TwitterKafkaStatusListener - Twitter status with text dolor lectus Maecenas sed malesuada Elasticsearch sit consectetuer adipiscing ultricies
2023-06-08 08:28:07 [pool-1-thread-1] INFO  c.m.d.t.t.k.s.l.TwitterKafkaStatusListener - Twitter status with text ipsum adipiscing sed Lorem massa Elasticsearch dolor sed consectetuer congue
2023-06-08 08:28:17 [pool-1-thread-1] INFO  c.m.d.t.t.k.s.l.TwitterKafkaStatusListener - Twitter status with text massa porttitor dolor purus Java purus Lorem adipiscing
2023-06-08 08:28:27 [pool-1-thread-1] INFO  c.m.d.t.t.k.s.l.TwitterKafkaStatusListener - Twitter status with text malesuada porttitor pulvinar Elasticsearch congue congue
2023-06-08 08:28:37 [pool-1-thread-1] INFO  c.m.d.t.t.k.s.l.TwitterKafkaStatusListener - Twitter status with text Lorem Lorem lectus Java magna adipiscing
2023-06-08 08:28:47 [pool-1-thread-1] INFO  c.m.d.t.t.k.s.l.TwitterKafkaStatusListener - Twitter status with text adipiscing sed massa Kafka consectetuer dolor
2023-06-08 08:28:57 [pool-1-thread-1] INFO  c.m.d.t.t.k.s.l.TwitterKafkaStatusListener - Twitter status with text lectus congue sed congue ipsum Microservices posuere magna congue
2023-06-08 08:29:07 [pool-1-thread-1] INFO  c.m.d.t.t.k.s.l.TwitterKafkaStatusListener - Twitter status with text libero magna pulvinar amet Kafka Lorem sit Fusce
2023-06-08 08:29:17 [pool-1-thread-1] INFO  c.m.d.t.t.k.s.l.TwitterKafkaStatusListener - Twitter status with text Maecenas libero Maecenas ultricies sit posuere Java congue sit adipiscing elit
2023-06-08 08:29:27 [pool-1-thread-1] INFO  c.m.d.t.t.k.s.l.TwitterKafkaStatusListener - Twitter status with text pulvinar magna adipiscing sed Microservices magna lectus ipsum
2023-06-08 08:29:37 [pool-1-thread-1] INFO  c.m.d.t.t.k.s.l.TwitterKafkaStatusListener - Twitter status with text elit amet posuere ipsum Java ultricies magna
2023-06-08 08:29:47 [pool-1-thread-1] INFO  c.m.d.t.t.k.s.l.TwitterKafkaStatusListener - Twitter status with text consectetuer Fusce adipiscing magna porttitor Kafka lectus amet massa
2023-06-08 08:29:57 [pool-1-thread-1] INFO  c.m.d.t.t.k.s.l.TwitterKafkaStatusListener - Twitter status with text consectetuer Lorem congue Lorem magna Maecenas Java ultricies sit ipsum sed
2023-06-08 08:30:07 [pool-1-thread-1] INFO  c.m.d.t.t.k.s.l.TwitterKafkaStatusListener - Twitter status with text lectus massa lectus Maecenas Lorem Kafka massa massa adipiscing sit
2023-06-08 08:30:17 [pool-1-thread-1] INFO  c.m.d.t.t.k.s.l.TwitterKafkaStatusListener - Twitter status with text elit ultricies purus Kafka libero malesuada
2023-06-08 08:30:27 [pool-1-thread-1] INFO  c.m.d.t.t.k.s.l.TwitterKafkaStatusListener - Twitter status with text purus purus malesuada ipsum Java adipiscing massa
2023-06-08 08:30:37 [pool-1-thread-1] INFO  c.m.d.t.t.k.s.l.TwitterKafkaStatusListener - Twitter status with text Lorem ultricies Lorem Maecenas pulvinar Java consectetuer adipiscing purus consectetuer
2023-06-08 08:30:47 [pool-1-thread-1] INFO  c.m.d.t.t.k.s.l.TwitterKafkaStatusListener - Twitter status with text libero massa sit massa elit Microservices adipiscing consectetuer adipiscing
2023-06-08 08:30:57 [pool-1-thread-1] INFO  c.m.d.t.t.k.s.l.TwitterKafkaStatusListener - Twitter status with text sed Maecenas sit Lorem congue Elasticsearch sit amet amet lectus
2023-06-08 08:31:07 [pool-1-thread-1] INFO  c.m.d.t.t.k.s.l.TwitterKafkaStatusListener - Twitter status with text massa sed Fusce purus pulvinar Java sed porttitor lectus lectus
2023-06-08 08:31:17 [pool-1-thread-1] INFO  c.m.d.t.t.k.s.l.TwitterKafkaStatusListener - Twitter status with text amet massa porttitor elit Elasticsearch ultricies malesuada sed
2023-06-08 08:31:27 [pool-1-thread-1] INFO  c.m.d.t.t.k.s.l.TwitterKafkaStatusListener - Twitter status with text sed sit ipsum amet elit Kafka dolor purus consectetuer
2023-06-08 08:31:37 [pool-1-thread-1] INFO  c.m.d.t.t.k.s.l.TwitterKafkaStatusListener - Twitter status with text pulvinar Fusce purus Elasticsearch malesuada ipsum
2023-06-08 08:31:47 [pool-1-thread-1] INFO  c.m.d.t.t.k.s.l.TwitterKafkaStatusListener - Twitter status with text purus posuere adipiscing Java porttitor magna
2023-06-08 08:31:57 [pool-1-thread-1] INFO  c.m.d.t.t.k.s.l.TwitterKafkaStatusListener - Twitter status with text sed ipsum purus sit malesuada Microservices posuere malesuada pulvinar
2023-06-08 08:32:07 [pool-1-thread-1] INFO  c.m.d.t.t.k.s.l.TwitterKafkaStatusListener - Twitter status with text lectus magna dolor sed Kafka sit adipiscing
2023-06-08 08:32:17 [pool-1-thread-1] INFO  c.m.d.t.t.k.s.l.TwitterKafkaStatusListener - Twitter status with text dolor libero elit Kafka elit adipiscing
2023-06-08 08:32:27 [pool-1-thread-1] INFO  c.m.d.t.t.k.s.l.TwitterKafkaStatusListener - Twitter status with text Maecenas Lorem amet malesuada posuere sit Microservices dolor lectus lectus adipiscing
2023-06-08 08:32:37 [pool-1-thread-1] INFO  c.m.d.t.t.k.s.l.TwitterKafkaStatusListener - Twitter status with text lectus amet amet adipiscing Java Lorem amet posuere
2023-06-08 08:32:47 [pool-1-thread-1] INFO  c.m.d.t.t.k.s.l.TwitterKafkaStatusListener - Twitter status with text magna massa sit purus Kafka consectetuer magna amet
2023-06-08 08:32:57 [pool-1-thread-1] INFO  c.m.d.t.t.k.s.l.TwitterKafkaStatusListener - Twitter status with text ipsum adipiscing malesuada consectetuer Microservices porttitor porttitor
2023-06-08 08:33:07 [pool-1-thread-1] INFO  c.m.d.t.t.k.s.l.TwitterKafkaStatusListener - Twitter status with text sed sed elit Elasticsearch purus elit
2023-06-08 08:33:17 [pool-1-thread-1] INFO  c.m.d.t.t.k.s.l.TwitterKafkaStatusListener - Twitter status with text purus massa lectus congue Fusce dolor Kafka ipsum ultricies dolor Maecenas
2023-06-08 08:33:27 [pool-1-thread-1] INFO  c.m.d.t.t.k.s.l.TwitterKafkaStatusListener - Twitter status with text consectetuer amet consectetuer elit Java Fusce elit adipiscing
2023-06-08 08:33:37 [pool-1-thread-1] INFO  c.m.d.t.t.k.s.l.TwitterKafkaStatusListener - Twitter status with text lectus porttitor congue malesuada Elasticsearch ultricies Lorem ultricies
2023-06-08 08:33:47 [pool-1-thread-1] INFO  c.m.d.t.t.k.s.l.TwitterKafkaStatusListener - Twitter status with text massa libero amet amet sed Elasticsearch libero adipiscing malesuada
2023-06-08 08:33:57 [pool-1-thread-1] INFO  c.m.d.t.t.k.s.l.TwitterKafkaStatusListener - Twitter status with text malesuada lectus adipiscing elit sed magna Elasticsearch dolor massa malesuada congue
2023-06-08 08:34:07 [pool-1-thread-1] INFO  c.m.d.t.t.k.s.l.TwitterKafkaStatusListener - Twitter status with text massa amet congue dolor Kafka pulvinar purus sed
2023-06-08 08:34:17 [pool-1-thread-1] INFO  c.m.d.t.t.k.s.l.TwitterKafkaStatusListener - Twitter status with text malesuada posuere congue Java magna ultricies
2023-06-08 08:34:27 [pool-1-thread-1] INFO  c.m.d.t.t.k.s.l.TwitterKafkaStatusListener - Twitter status with text purus purus malesuada porttitor pulvinar sed Microservices lectus congue congue sed
2023-06-08 08:34:37 [pool-1-thread-1] INFO  c.m.d.t.t.k.s.l.TwitterKafkaStatusListener - Twitter status with text sed Lorem malesuada Fusce massa Java massa Fusce Fusce
2023-06-08 08:34:47 [pool-1-thread-1] INFO  c.m.d.t.t.k.s.l.TwitterKafkaStatusListener - Twitter status with text massa adipiscing consectetuer sed Elasticsearch Fusce consectetuer
2023-06-08 08:34:57 [pool-1-thread-1] INFO  c.m.d.t.t.k.s.l.TwitterKafkaStatusListener - Twitter status with text pulvinar adipiscing massa posuere amet lectus Elasticsearch dolor porttitor Maecenas sit
2023-06-08 08:35:07 [pool-1-thread-1] INFO  c.m.d.t.t.k.s.l.TwitterKafkaStatusListener - Twitter status with text magna malesuada consectetuer libero Lorem congue Kafka congue amet dolor massa
2023-06-08 08:35:17 [pool-1-thread-1] INFO  c.m.d.t.t.k.s.l.TwitterKafkaStatusListener - Twitter status with text congue Maecenas pulvinar malesuada Maecenas Java congue malesuada posuere
2023-06-08 08:35:27 [pool-1-thread-1] INFO  c.m.d.t.t.k.s.l.TwitterKafkaStatusListener - Twitter status with text amet purus magna magna Java posuere lectus adipiscing
2023-06-08 08:35:37 [pool-1-thread-1] INFO  c.m.d.t.t.k.s.l.TwitterKafkaStatusListener - Twitter status with text adipiscing malesuada libero posuere Maecenas Kafka pulvinar Fusce elit
2023-06-08 08:35:47 [pool-1-thread-1] INFO  c.m.d.t.t.k.s.l.TwitterKafkaStatusListener - Twitter status with text porttitor malesuada libero amet magna Elasticsearch malesuada magna magna sed
2023-06-08 08:35:57 [pool-1-thread-1] INFO  c.m.d.t.t.k.s.l.TwitterKafkaStatusListener - Twitter status with text consectetuer massa magna Maecenas Kafka Maecenas porttitor massa
2023-06-08 08:36:07 [pool-1-thread-1] INFO  c.m.d.t.t.k.s.l.TwitterKafkaStatusListener - Twitter status with text libero dolor massa elit Lorem consectetuer Elasticsearch consectetuer purus pulvinar sit
2023-06-08 08:36:17 [pool-1-thread-1] INFO  c.m.d.t.t.k.s.l.TwitterKafkaStatusListener - Twitter status with text magna amet amet Kafka adipiscing lectus
2023-06-08 08:36:27 [pool-1-thread-1] INFO  c.m.d.t.t.k.s.l.TwitterKafkaStatusListener - Twitter status with text purus libero sed adipiscing Microservices dolor magna
2023-06-08 08:36:37 [pool-1-thread-1] INFO  c.m.d.t.t.k.s.l.TwitterKafkaStatusListener - Twitter status with text Maecenas sed malesuada dolor amet libero Kafka Lorem Lorem adipiscing malesuada
2023-06-08 08:36:47 [pool-1-thread-1] INFO  c.m.d.t.t.k.s.l.TwitterKafkaStatusListener - Twitter status with text sed lectus libero pulvinar congue Elasticsearch amet ipsum Lorem
2023-06-08 08:36:57 [pool-1-thread-1] INFO  c.m.d.t.t.k.s.l.TwitterKafkaStatusListener - Twitter status with text consectetuer massa sit libero Elasticsearch purus amet
2023-06-08 08:37:07 [pool-1-thread-1] INFO  c.m.d.t.t.k.s.l.TwitterKafkaStatusListener - Twitter status with text malesuada dolor lectus pulvinar consectetuer posuere Microservices sed lectus elit ipsum
2023-06-08 08:37:17 [pool-1-thread-1] INFO  c.m.d.t.t.k.s.l.TwitterKafkaStatusListener - Twitter status with text libero libero Lorem consectetuer Fusce Kafka amet ipsum libero
2023-06-08 08:37:27 [pool-1-thread-1] INFO  c.m.d.t.t.k.s.l.TwitterKafkaStatusListener - Twitter status with text pulvinar amet ipsum sed ultricies purus Microservices purus consectetuer malesuada Fusce
2023-06-08 08:37:37 [pool-1-thread-1] INFO  c.m.d.t.t.k.s.l.TwitterKafkaStatusListener - Twitter status with text magna Lorem Lorem Microservices amet ipsum
2023-06-08 08:37:47 [pool-1-thread-1] INFO  c.m.d.t.t.k.s.l.TwitterKafkaStatusListener - Twitter status with text sit ultricies pulvinar adipiscing Kafka lectus Fusce adipiscing
2023-06-08 08:37:57 [pool-1-thread-1] INFO  c.m.d.t.t.k.s.l.TwitterKafkaStatusListener - Twitter status with text Fusce consectetuer posuere magna sed Microservices ultricies ultricies posuere
2023-06-08 08:38:07 [pool-1-thread-1] INFO  c.m.d.t.t.k.s.l.TwitterKafkaStatusListener - Twitter status with text ipsum sit libero ipsum purus consectetuer Java ipsum posuere Fusce dolor
2023-06-08 08:38:17 [pool-1-thread-1] INFO  c.m.d.t.t.k.s.l.TwitterKafkaStatusListener - Twitter status with text malesuada consectetuer malesuada Lorem sit Java pulvinar sit libero
2023-06-08 08:38:27 [pool-1-thread-1] INFO  c.m.d.t.t.k.s.l.TwitterKafkaStatusListener - Twitter status with text Lorem pulvinar Fusce ultricies porttitor Kafka sed massa consectetuer congue
2023-06-08 08:38:37 [pool-1-thread-1] INFO  c.m.d.t.t.k.s.l.TwitterKafkaStatusListener - Twitter status with text elit elit congue porttitor Kafka magna Maecenas dolor
2023-06-08 08:38:47 [pool-1-thread-1] INFO  c.m.d.t.t.k.s.l.TwitterKafkaStatusListener - Twitter status with text consectetuer ipsum posuere amet Java purus malesuada
2023-06-08 08:38:57 [pool-1-thread-1] INFO  c.m.d.t.t.k.s.l.TwitterKafkaStatusListener - Twitter status with text consectetuer massa porttitor ultricies Java lectus purus dolor
2023-06-08 08:39:07 [pool-1-thread-1] INFO  c.m.d.t.t.k.s.l.TwitterKafkaStatusListener - Twitter status with text porttitor lectus purus sed Kafka magna Fusce dolor
2023-06-08 08:39:17 [pool-1-thread-1] INFO  c.m.d.t.t.k.s.l.TwitterKafkaStatusListener - Twitter status with text Lorem Maecenas elit malesuada purus Elasticsearch dolor porttitor libero malesuada
2023-06-08 08:39:27 [pool-1-thread-1] INFO  c.m.d.t.t.k.s.l.TwitterKafkaStatusListener - Twitter status with text libero ultricies congue sed Microservices malesuada massa
2023-06-08 08:39:37 [pool-1-thread-1] INFO  c.m.d.t.t.k.s.l.TwitterKafkaStatusListener - Twitter status with text porttitor porttitor malesuada Kafka amet sed
2023-06-08 08:39:47 [pool-1-thread-1] INFO  c.m.d.t.t.k.s.l.TwitterKafkaStatusListener - Twitter status with text ipsum ipsum Fusce Java malesuada sed
2023-06-08 08:39:57 [pool-1-thread-1] INFO  c.m.d.t.t.k.s.l.TwitterKafkaStatusListener - Twitter status with text pulvinar purus Fusce dolor malesuada malesuada Kafka sit sit congue purus
2023-06-08 08:40:07 [pool-1-thread-1] INFO  c.m.d.t.t.k.s.l.TwitterKafkaStatusListener - Twitter status with text sit sit sed malesuada Kafka Maecenas malesuada sed
2023-06-08 08:40:17 [pool-1-thread-1] INFO  c.m.d.t.t.k.s.l.TwitterKafkaStatusListener - Twitter status with text magna congue sit libero sit Java elit dolor purus libero
2023-06-08 08:40:27 [pool-1-thread-1] INFO  c.m.d.t.t.k.s.l.TwitterKafkaStatusListener - Twitter status with text pulvinar sit consectetuer Elasticsearch sit adipiscing
2023-06-08 08:40:37 [pool-1-thread-1] INFO  c.m.d.t.t.k.s.l.TwitterKafkaStatusListener - Twitter status with text pulvinar posuere magna ipsum Java ipsum magna congue
2023-06-08 08:40:47 [pool-1-thread-1] INFO  c.m.d.t.t.k.s.l.TwitterKafkaStatusListener - Twitter status with text malesuada malesuada elit ultricies magna Microservices posuere adipiscing sit sit
2023-06-08 08:40:57 [pool-1-thread-1] INFO  c.m.d.t.t.k.s.l.TwitterKafkaStatusListener - Twitter status with text ipsum massa congue Elasticsearch adipiscing ipsum
2023-06-08 08:41:07 [pool-1-thread-1] INFO  c.m.d.t.t.k.s.l.TwitterKafkaStatusListener - Twitter status with text Maecenas adipiscing massa ultricies Kafka malesuada malesuada lectus
2023-06-08 08:41:17 [pool-1-thread-1] INFO  c.m.d.t.t.k.s.l.TwitterKafkaStatusListener - Twitter status with text magna pulvinar massa Fusce magna amet Kafka Maecenas ipsum libero lectus
2023-06-08 08:41:27 [pool-1-thread-1] INFO  c.m.d.t.t.k.s.l.TwitterKafkaStatusListener - Twitter status with text Maecenas posuere massa sed Elasticsearch purus sit
2023-06-08 08:41:37 [pool-1-thread-1] INFO  c.m.d.t.t.k.s.l.TwitterKafkaStatusListener - Twitter status with text purus ipsum congue Lorem Kafka posuere pulvinar consectetuer
2023-06-08 08:41:47 [pool-1-thread-1] INFO  c.m.d.t.t.k.s.l.TwitterKafkaStatusListener - Twitter status with text posuere sed ipsum Maecenas adipiscing sed Elasticsearch congue Lorem adipiscing consectetuer
2023-06-08 08:41:57 [pool-1-thread-1] INFO  c.m.d.t.t.k.s.l.TwitterKafkaStatusListener - Twitter status with text congue Maecenas pulvinar ipsum sit Kafka amet dolor sed posuere
2023-06-08 08:42:07 [pool-1-thread-1] INFO  c.m.d.t.t.k.s.l.TwitterKafkaStatusListener - Twitter status with text Maecenas adipiscing pulvinar sed pulvinar Java magna malesuada elit congue
2023-06-08 08:42:17 [pool-1-thread-1] INFO  c.m.d.t.t.k.s.l.TwitterKafkaStatusListener - Twitter status with text sit congue ipsum elit purus Java congue lectus malesuada
2023-06-08 08:42:27 [pool-1-thread-1] INFO  c.m.d.t.t.k.s.l.TwitterKafkaStatusListener - Twitter status with text Fusce ultricies ultricies sit ipsum ultricies Kafka magna consectetuer elit magna
2023-06-08 08:42:37 [pool-1-thread-1] INFO  c.m.d.t.t.k.s.l.TwitterKafkaStatusListener - Twitter status with text dolor purus malesuada libero Microservices congue libero sed
2023-06-08 08:42:47 [pool-1-thread-1] INFO  c.m.d.t.t.k.s.l.TwitterKafkaStatusListener - Twitter status with text Lorem consectetuer massa ultricies Elasticsearch dolor dolor
2023-06-08 08:42:57 [pool-1-thread-1] INFO  c.m.d.t.t.k.s.l.TwitterKafkaStatusListener - Twitter status with text ipsum malesuada Lorem massa Elasticsearch Fusce sit Fusce
2023-06-08 08:43:07 [pool-1-thread-1] INFO  c.m.d.t.t.k.s.l.TwitterKafkaStatusListener - Twitter status with text adipiscing lectus sed malesuada Microservices congue sed
2023-06-08 08:43:17 [pool-1-thread-1] INFO  c.m.d.t.t.k.s.l.TwitterKafkaStatusListener - Twitter status with text Fusce libero libero Fusce dolor adipiscing Java malesuada amet congue amet
2023-06-08 08:43:27 [pool-1-thread-1] INFO  c.m.d.t.t.k.s.l.TwitterKafkaStatusListener - Twitter status with text posuere lectus amet sed purus amet Java consectetuer purus purus congue
2023-06-08 08:43:37 [pool-1-thread-1] INFO  c.m.d.t.t.k.s.l.TwitterKafkaStatusListener - Twitter status with text sed amet purus posuere dolor Kafka congue lectus sit
2023-06-08 08:43:47 [pool-1-thread-1] INFO  c.m.d.t.t.k.s.l.TwitterKafkaStatusListener - Twitter status with text Fusce libero dolor dolor malesuada adipiscing Elasticsearch congue dolor dolor libero
2023-06-08 08:43:57 [pool-1-thread-1] INFO  c.m.d.t.t.k.s.l.TwitterKafkaStatusListener - Twitter status with text consectetuer sed ultricies libero dolor Microservices Maecenas purus posuere ipsum
2023-06-08 08:44:07 [pool-1-thread-1] INFO  c.m.d.t.t.k.s.l.TwitterKafkaStatusListener - Twitter status with text pulvinar Lorem elit Maecenas pulvinar Elasticsearch congue ultricies adipiscing
2023-06-08 08:44:17 [pool-1-thread-1] INFO  c.m.d.t.t.k.s.l.TwitterKafkaStatusListener - Twitter status with text libero malesuada lectus consectetuer sit Microservices sed posuere adipiscing sit
2023-06-08 08:44:27 [pool-1-thread-1] INFO  c.m.d.t.t.k.s.l.TwitterKafkaStatusListener - Twitter status with text Maecenas adipiscing dolor consectetuer sed posuere Elasticsearch congue pulvinar adipiscing porttitor
2023-06-08 08:44:37 [pool-1-thread-1] INFO  c.m.d.t.t.k.s.l.TwitterKafkaStatusListener - Twitter status with text libero massa pulvinar elit consectetuer Java ipsum Lorem magna
2023-06-08 08:44:48 [pool-1-thread-1] INFO  c.m.d.t.t.k.s.l.TwitterKafkaStatusListener - Twitter status with text libero congue purus libero Kafka lectus lectus
2023-06-08 08:44:58 [pool-1-thread-1] INFO  c.m.d.t.t.k.s.l.TwitterKafkaStatusListener - Twitter status with text Lorem sit porttitor purus dolor Microservices magna elit Maecenas adipiscing
2023-06-08 08:45:08 [pool-1-thread-1] INFO  c.m.d.t.t.k.s.l.TwitterKafkaStatusListener - Twitter status with text Fusce massa dolor libero Fusce Java amet malesuada purus
2023-06-08 08:45:18 [pool-1-thread-1] INFO  c.m.d.t.t.k.s.l.TwitterKafkaStatusListener - Twitter status with text ultricies Fusce lectus posuere Elasticsearch posuere elit
2023-06-08 08:45:28 [pool-1-thread-1] INFO  c.m.d.t.t.k.s.l.TwitterKafkaStatusListener - Twitter status with text porttitor amet pulvinar purus massa Elasticsearch ipsum adipiscing malesuada
2023-06-08 08:45:38 [pool-1-thread-1] INFO  c.m.d.t.t.k.s.l.TwitterKafkaStatusListener - Twitter status with text sed consectetuer purus Fusce Microservices sed massa purus
2023-06-08 08:45:48 [pool-1-thread-1] INFO  c.m.d.t.t.k.s.l.TwitterKafkaStatusListener - Twitter status with text sit Fusce magna Maecenas dolor ipsum Java dolor lectus Maecenas porttitor
2023-06-08 08:45:58 [pool-1-thread-1] INFO  c.m.d.t.t.k.s.l.TwitterKafkaStatusListener - Twitter status with text libero purus Fusce posuere magna Java sed elit Maecenas
2023-06-08 08:46:08 [pool-1-thread-1] INFO  c.m.d.t.t.k.s.l.TwitterKafkaStatusListener - Twitter status with text ultricies Lorem sit sed congue Microservices ultricies porttitor adipiscing
2023-06-08 08:46:18 [pool-1-thread-1] INFO  c.m.d.t.t.k.s.l.TwitterKafkaStatusListener - Twitter status with text Lorem consectetuer porttitor lectus Java Fusce magna
2023-06-08 08:46:28 [pool-1-thread-1] INFO  c.m.d.t.t.k.s.l.TwitterKafkaStatusListener - Twitter status with text ultricies Lorem purus Java magna Lorem
2023-06-08 08:46:38 [pool-1-thread-1] INFO  c.m.d.t.t.k.s.l.TwitterKafkaStatusListener - Twitter status with text ipsum sed Fusce magna Java libero Lorem purus
2023-06-08 08:46:48 [pool-1-thread-1] INFO  c.m.d.t.t.k.s.l.TwitterKafkaStatusListener - Twitter status with text amet Lorem ipsum posuere lectus sit Kafka consectetuer adipiscing ultricies lectus
2023-06-08 08:46:58 [pool-1-thread-1] INFO  c.m.d.t.t.k.s.l.TwitterKafkaStatusListener - Twitter status with text adipiscing purus ipsum elit Kafka pulvinar Fusce
2023-06-08 08:47:08 [pool-1-thread-1] INFO  c.m.d.t.t.k.s.l.TwitterKafkaStatusListener - Twitter status with text lectus congue amet massa Elasticsearch Fusce congue congue
2023-06-08 08:47:18 [pool-1-thread-1] INFO  c.m.d.t.t.k.s.l.TwitterKafkaStatusListener - Twitter status with text magna pulvinar porttitor Elasticsearch sed consectetuer
2023-06-08 08:47:28 [pool-1-thread-1] INFO  c.m.d.t.t.k.s.l.TwitterKafkaStatusListener - Twitter status with text purus sit dolor magna Kafka massa posuere
2023-06-08 08:47:38 [pool-1-thread-1] INFO  c.m.d.t.t.k.s.l.TwitterKafkaStatusListener - Twitter status with text Fusce Lorem sed dolor Java dolor consectetuer pulvinar
2023-06-08 08:47:48 [pool-1-thread-1] INFO  c.m.d.t.t.k.s.l.TwitterKafkaStatusListener - Twitter status with text malesuada amet purus ipsum massa elit Microservices amet porttitor adipiscing libero
2023-06-08 08:47:58 [pool-1-thread-1] INFO  c.m.d.t.t.k.s.l.TwitterKafkaStatusListener - Twitter status with text malesuada Lorem congue adipiscing purus posuere Elasticsearch purus purus magna dolor
2023-06-08 08:48:08 [pool-1-thread-1] INFO  c.m.d.t.t.k.s.l.TwitterKafkaStatusListener - Twitter status with text Lorem ipsum ultricies Fusce amet Elasticsearch Lorem porttitor adipiscing sed
2023-06-08 08:48:18 [pool-1-thread-1] INFO  c.m.d.t.t.k.s.l.TwitterKafkaStatusListener - Twitter status with text ipsum Maecenas massa elit Fusce Elasticsearch amet sed Lorem
2023-06-08 08:48:28 [pool-1-thread-1] INFO  c.m.d.t.t.k.s.l.TwitterKafkaStatusListener - Twitter status with text ipsum dolor dolor pulvinar Maecenas Kafka posuere dolor pulvinar lectus
2023-06-08 08:48:38 [pool-1-thread-1] INFO  c.m.d.t.t.k.s.l.TwitterKafkaStatusListener - Twitter status with text posuere adipiscing magna magna consectetuer Kafka congue congue malesuada
2023-06-08 08:48:48 [pool-1-thread-1] INFO  c.m.d.t.t.k.s.l.TwitterKafkaStatusListener - Twitter status with text libero Lorem elit libero Elasticsearch Maecenas magna adipiscing
2023-06-08 08:48:58 [pool-1-thread-1] INFO  c.m.d.t.t.k.s.l.TwitterKafkaStatusListener - Twitter status with text lectus posuere congue Elasticsearch ipsum libero
2023-06-08 08:49:08 [pool-1-thread-1] INFO  c.m.d.t.t.k.s.l.TwitterKafkaStatusListener - Twitter status with text Maecenas purus consectetuer Microservices elit amet
2023-06-08 08:49:18 [pool-1-thread-1] INFO  c.m.d.t.t.k.s.l.TwitterKafkaStatusListener - Twitter status with text Fusce purus adipiscing magna adipiscing Java pulvinar Fusce dolor elit
2023-06-08 08:49:28 [pool-1-thread-1] INFO  c.m.d.t.t.k.s.l.TwitterKafkaStatusListener - Twitter status with text libero porttitor malesuada ipsum magna Microservices Lorem lectus sit porttitor
2023-06-08 08:49:38 [pool-1-thread-1] INFO  c.m.d.t.t.k.s.l.TwitterKafkaStatusListener - Twitter status with text sit malesuada pulvinar sit Kafka amet sit
2023-06-08 08:49:48 [pool-1-thread-1] INFO  c.m.d.t.t.k.s.l.TwitterKafkaStatusListener - Twitter status with text congue posuere purus Fusce congue Java adipiscing Fusce Fusce
2023-06-08 08:49:58 [pool-1-thread-1] INFO  c.m.d.t.t.k.s.l.TwitterKafkaStatusListener - Twitter status with text sit dolor ipsum purus Microservices massa dolor elit
2023-06-08 08:50:08 [pool-1-thread-1] INFO  c.m.d.t.t.k.s.l.TwitterKafkaStatusListener - Twitter status with text adipiscing massa elit consectetuer amet ultricies Java ultricies sit magna Fusce
2023-06-08 08:50:18 [pool-1-thread-1] INFO  c.m.d.t.t.k.s.l.TwitterKafkaStatusListener - Twitter status with text ultricies dolor elit sed malesuada Elasticsearch pulvinar massa Fusce elit
2023-06-08 08:50:28 [pool-1-thread-1] INFO  c.m.d.t.t.k.s.l.TwitterKafkaStatusListener - Twitter status with text amet ipsum Fusce Java Fusce elit
2023-06-08 08:50:38 [pool-1-thread-1] INFO  c.m.d.t.t.k.s.l.TwitterKafkaStatusListener - Twitter status with text Maecenas consectetuer pulvinar Microservices amet Fusce
2023-06-08 08:50:48 [pool-1-thread-1] INFO  c.m.d.t.t.k.s.l.TwitterKafkaStatusListener - Twitter status with text massa ipsum pulvinar Java Lorem posuere
2023-06-08 08:50:58 [pool-1-thread-1] INFO  c.m.d.t.t.k.s.l.TwitterKafkaStatusListener - Twitter status with text Fusce dolor porttitor posuere Microservices amet amet
2023-06-08 08:51:08 [pool-1-thread-1] INFO  c.m.d.t.t.k.s.l.TwitterKafkaStatusListener - Twitter status with text congue ipsum adipiscing pulvinar ultricies porttitor Microservices libero sit malesuada pulvinar
2023-06-08 08:51:18 [pool-1-thread-1] INFO  c.m.d.t.t.k.s.l.TwitterKafkaStatusListener - Twitter status with text consectetuer sed purus Java porttitor Lorem
2023-06-08 08:51:28 [pool-1-thread-1] INFO  c.m.d.t.t.k.s.l.TwitterKafkaStatusListener - Twitter status with text elit Lorem porttitor porttitor massa Java sit massa sit elit
2023-06-08 08:51:38 [pool-1-thread-1] INFO  c.m.d.t.t.k.s.l.TwitterKafkaStatusListener - Twitter status with text elit magna dolor porttitor Microservices porttitor ultricies Fusce
2023-06-08 08:51:48 [pool-1-thread-1] INFO  c.m.d.t.t.k.s.l.TwitterKafkaStatusListener - Twitter status with text posuere sit adipiscing Elasticsearch lectus malesuada
2023-06-08 08:51:58 [pool-1-thread-1] INFO  c.m.d.t.t.k.s.l.TwitterKafkaStatusListener - Twitter status with text consectetuer amet ultricies Elasticsearch dolor congue
2023-06-08 08:52:08 [pool-1-thread-1] INFO  c.m.d.t.t.k.s.l.TwitterKafkaStatusListener - Twitter status with text lectus sed adipiscing ultricies Fusce Elasticsearch posuere lectus consectetuer
2023-06-08 08:52:18 [pool-1-thread-1] INFO  c.m.d.t.t.k.s.l.TwitterKafkaStatusListener - Twitter status with text sit Fusce massa lectus malesuada pulvinar Microservices sed dolor Fusce consectetuer
2023-06-08 08:52:28 [pool-1-thread-1] INFO  c.m.d.t.t.k.s.l.TwitterKafkaStatusListener - Twitter status with text massa magna adipiscing sed consectetuer malesuada Java libero amet Maecenas pulvinar
2023-06-08 08:52:38 [pool-1-thread-1] INFO  c.m.d.t.t.k.s.l.TwitterKafkaStatusListener - Twitter status with text lectus congue ultricies amet malesuada Elasticsearch porttitor libero Fusce
2023-06-08 08:52:48 [pool-1-thread-1] INFO  c.m.d.t.t.k.s.l.TwitterKafkaStatusListener - Twitter status with text adipiscing libero purus Lorem congue Kafka posuere dolor Maecenas
2023-06-08 08:52:58 [pool-1-thread-1] INFO  c.m.d.t.t.k.s.l.TwitterKafkaStatusListener - Twitter status with text elit adipiscing ultricies elit Kafka libero congue porttitor
2023-06-08 08:53:08 [pool-1-thread-1] INFO  c.m.d.t.t.k.s.l.TwitterKafkaStatusListener - Twitter status with text posuere congue ultricies ipsum libero Java dolor elit consectetuer pulvinar
2023-06-08 08:53:18 [pool-1-thread-1] INFO  c.m.d.t.t.k.s.l.TwitterKafkaStatusListener - Twitter status with text sed ultricies Maecenas consectetuer magna Elasticsearch libero porttitor consectetuer
2023-06-08 08:53:28 [pool-1-thread-1] INFO  c.m.d.t.t.k.s.l.TwitterKafkaStatusListener - Twitter status with text magna dolor purus Kafka consectetuer Lorem
2023-06-08 08:53:38 [pool-1-thread-1] INFO  c.m.d.t.t.k.s.l.TwitterKafkaStatusListener - Twitter status with text ipsum lectus sed consectetuer Elasticsearch Fusce pulvinar
2023-06-08 08:53:48 [pool-1-thread-1] INFO  c.m.d.t.t.k.s.l.TwitterKafkaStatusListener - Twitter status with text ultricies Fusce adipiscing lectus Java adipiscing ipsum
2023-06-08 08:53:58 [pool-1-thread-1] INFO  c.m.d.t.t.k.s.l.TwitterKafkaStatusListener - Twitter status with text ipsum massa pulvinar pulvinar malesuada Elasticsearch congue Fusce Maecenas
2023-06-08 08:54:08 [pool-1-thread-1] INFO  c.m.d.t.t.k.s.l.TwitterKafkaStatusListener - Twitter status with text elit amet Lorem Java malesuada lectus
2023-06-08 08:54:18 [pool-1-thread-1] INFO  c.m.d.t.t.k.s.l.TwitterKafkaStatusListener - Twitter status with text malesuada Lorem adipiscing ultricies Microservices sit ultricies massa
2023-06-08 08:54:28 [pool-1-thread-1] INFO  c.m.d.t.t.k.s.l.TwitterKafkaStatusListener - Twitter status with text lectus libero pulvinar Fusce Java Lorem posuere pulvinar
2023-06-08 08:54:38 [pool-1-thread-1] INFO  c.m.d.t.t.k.s.l.TwitterKafkaStatusListener - Twitter status with text malesuada massa malesuada ipsum congue Microservices sed malesuada lectus magna
2023-06-08 08:54:48 [pool-1-thread-1] INFO  c.m.d.t.t.k.s.l.TwitterKafkaStatusListener - Twitter status with text ipsum porttitor consectetuer Fusce sit Elasticsearch sit sed amet
2023-06-08 08:54:58 [pool-1-thread-1] INFO  c.m.d.t.t.k.s.l.TwitterKafkaStatusListener - Twitter status with text consectetuer amet sit porttitor ipsum Microservices porttitor sit Lorem
2023-06-08 08:55:08 [pool-1-thread-1] INFO  c.m.d.t.t.k.s.l.TwitterKafkaStatusListener - Twitter status with text elit sit consectetuer sit lectus Java amet Lorem congue
2023-06-08 08:55:18 [pool-1-thread-1] INFO  c.m.d.t.t.k.s.l.TwitterKafkaStatusListener - Twitter status with text dolor Fusce Fusce Kafka dolor purus
2023-06-08 08:55:28 [pool-1-thread-1] INFO  c.m.d.t.t.k.s.l.TwitterKafkaStatusListener - Twitter status with text sed libero amet massa libero Elasticsearch consectetuer massa Fusce Fusce
2023-06-08 08:55:38 [pool-1-thread-1] INFO  c.m.d.t.t.k.s.l.TwitterKafkaStatusListener - Twitter status with text sed amet adipiscing elit malesuada Microservices sit posuere lectus libero
2023-06-08 08:55:48 [pool-1-thread-1] INFO  c.m.d.t.t.k.s.l.TwitterKafkaStatusListener - Twitter status with text porttitor lectus purus elit Microservices dolor dolor sed
2023-06-08 08:55:58 [pool-1-thread-1] INFO  c.m.d.t.t.k.s.l.TwitterKafkaStatusListener - Twitter status with text sed purus pulvinar Microservices pulvinar congue
2023-06-08 08:56:08 [pool-1-thread-1] INFO  c.m.d.t.t.k.s.l.TwitterKafkaStatusListener - Twitter status with text sed elit purus sed Maecenas malesuada Java purus purus malesuada magna
2023-06-08 08:56:18 [pool-1-thread-1] INFO  c.m.d.t.t.k.s.l.TwitterKafkaStatusListener - Twitter status with text consectetuer sit consectetuer malesuada Microservices massa Maecenas amet
2023-06-08 08:56:28 [pool-1-thread-1] INFO  c.m.d.t.t.k.s.l.TwitterKafkaStatusListener - Twitter status with text sed libero adipiscing congue consectetuer Java porttitor Fusce Lorem congue
2023-06-08 08:56:38 [pool-1-thread-1] INFO  c.m.d.t.t.k.s.l.TwitterKafkaStatusListener - Twitter status with text Lorem magna dolor ultricies magna Elasticsearch Maecenas porttitor congue
2023-06-08 08:56:48 [pool-1-thread-1] INFO  c.m.d.t.t.k.s.l.TwitterKafkaStatusListener - Twitter status with text magna elit ultricies ipsum libero dolor Java sed porttitor elit massa
2023-06-08 08:56:58 [pool-1-thread-1] INFO  c.m.d.t.t.k.s.l.TwitterKafkaStatusListener - Twitter status with text lectus adipiscing congue elit ultricies Elasticsearch purus pulvinar elit
2023-06-08 08:57:08 [pool-1-thread-1] INFO  c.m.d.t.t.k.s.l.TwitterKafkaStatusListener - Twitter status with text Fusce ultricies sit lectus Maecenas elit Java libero Lorem pulvinar magna
2023-06-08 08:57:18 [pool-1-thread-1] INFO  c.m.d.t.t.k.s.l.TwitterKafkaStatusListener - Twitter status with text malesuada malesuada congue adipiscing porttitor amet Elasticsearch lectus massa purus Fusce
2023-06-08 08:57:28 [pool-1-thread-1] INFO  c.m.d.t.t.k.s.l.TwitterKafkaStatusListener - Twitter status with text sit consectetuer magna dolor lectus Maecenas Elasticsearch lectus amet Maecenas ipsum
2023-06-08 08:57:38 [pool-1-thread-1] INFO  c.m.d.t.t.k.s.l.TwitterKafkaStatusListener - Twitter status with text congue dolor massa Microservices dolor Fusce
2023-06-08 08:57:48 [pool-1-thread-1] INFO  c.m.d.t.t.k.s.l.TwitterKafkaStatusListener - Twitter status with text libero malesuada dolor purus Lorem congue Microservices sed Fusce pulvinar massa
2023-06-08 08:57:58 [pool-1-thread-1] INFO  c.m.d.t.t.k.s.l.TwitterKafkaStatusListener - Twitter status with text adipiscing malesuada porttitor Maecenas Kafka consectetuer adipiscing ipsum
2023-06-08 08:58:08 [pool-1-thread-1] INFO  c.m.d.t.t.k.s.l.TwitterKafkaStatusListener - Twitter status with text libero sed posuere ultricies ultricies Java posuere congue sit
2023-06-08 08:58:18 [pool-1-thread-1] INFO  c.m.d.t.t.k.s.l.TwitterKafkaStatusListener - Twitter status with text Maecenas pulvinar consectetuer lectus porttitor pulvinar Java magna congue sit pulvinar
2023-06-08 08:58:28 [pool-1-thread-1] INFO  c.m.d.t.t.k.s.l.TwitterKafkaStatusListener - Twitter status with text posuere libero porttitor pulvinar sed pulvinar Java elit Fusce elit ultricies
2023-06-08 08:58:38 [pool-1-thread-1] INFO  c.m.d.t.t.k.s.l.TwitterKafkaStatusListener - Twitter status with text dolor lectus elit pulvinar sed sed Elasticsearch ipsum lectus posuere massa
2023-06-08 08:58:48 [pool-1-thread-1] INFO  c.m.d.t.t.k.s.l.TwitterKafkaStatusListener - Twitter status with text adipiscing pulvinar posuere ipsum Java magna consectetuer purus
2023-06-08 08:58:58 [pool-1-thread-1] INFO  c.m.d.t.t.k.s.l.TwitterKafkaStatusListener - Twitter status with text Maecenas Maecenas ultricies Java malesuada ultricies
2023-06-08 08:59:08 [pool-1-thread-1] INFO  c.m.d.t.t.k.s.l.TwitterKafkaStatusListener - Twitter status with text pulvinar congue Maecenas Microservices ipsum lectus
2023-06-08 08:59:18 [pool-1-thread-1] INFO  c.m.d.t.t.k.s.l.TwitterKafkaStatusListener - Twitter status with text posuere magna lectus Kafka ipsum ipsum
2023-06-08 08:59:28 [pool-1-thread-1] INFO  c.m.d.t.t.k.s.l.TwitterKafkaStatusListener - Twitter status with text sit Fusce ultricies elit sit Elasticsearch Lorem adipiscing sed
2023-06-08 08:59:38 [pool-1-thread-1] INFO  c.m.d.t.t.k.s.l.TwitterKafkaStatusListener - Twitter status with text posuere dolor congue Microservices purus consectetuer
2023-06-08 08:59:48 [pool-1-thread-1] INFO  c.m.d.t.t.k.s.l.TwitterKafkaStatusListener - Twitter status with text congue elit sed dolor Elasticsearch pulvinar pulvinar
2023-06-08 08:59:58 [pool-1-thread-1] INFO  c.m.d.t.t.k.s.l.TwitterKafkaStatusListener - Twitter status with text Maecenas lectus Fusce pulvinar Kafka posuere lectus
2023-06-08 09:00:08 [pool-1-thread-1] INFO  c.m.d.t.t.k.s.l.TwitterKafkaStatusListener - Twitter status with text sit magna Lorem amet Microservices pulvinar sed
2023-06-08 09:00:18 [pool-1-thread-1] INFO  c.m.d.t.t.k.s.l.TwitterKafkaStatusListener - Twitter status with text adipiscing Maecenas porttitor libero magna Kafka congue Fusce congue elit
2023-06-08 09:00:28 [pool-1-thread-1] INFO  c.m.d.t.t.k.s.l.TwitterKafkaStatusListener - Twitter status with text Fusce pulvinar consectetuer libero pulvinar Kafka libero magna purus dolor
2023-06-08 09:00:38 [pool-1-thread-1] INFO  c.m.d.t.t.k.s.l.TwitterKafkaStatusListener - Twitter status with text purus Fusce lectus ultricies elit elit Elasticsearch ipsum lectus consectetuer Fusce
2023-06-08 09:00:48 [pool-1-thread-1] INFO  c.m.d.t.t.k.s.l.TwitterKafkaStatusListener - Twitter status with text malesuada dolor purus Kafka congue sed
2023-06-08 09:00:58 [pool-1-thread-1] INFO  c.m.d.t.t.k.s.l.TwitterKafkaStatusListener - Twitter status with text libero Lorem sed sed congue dolor Kafka purus adipiscing porttitor Maecenas
2023-06-08 09:01:08 [pool-1-thread-1] INFO  c.m.d.t.t.k.s.l.TwitterKafkaStatusListener - Twitter status with text dolor porttitor adipiscing Elasticsearch pulvinar massa
2023-06-08 09:01:18 [pool-1-thread-1] INFO  c.m.d.t.t.k.s.l.TwitterKafkaStatusListener - Twitter status with text libero adipiscing lectus Kafka purus consectetuer
2023-06-08 09:01:28 [pool-1-thread-1] INFO  c.m.d.t.t.k.s.l.TwitterKafkaStatusListener - Twitter status with text congue pulvinar lectus Lorem amet sit Microservices consectetuer elit dolor Lorem
2023-06-08 09:01:38 [pool-1-thread-1] INFO  c.m.d.t.t.k.s.l.TwitterKafkaStatusListener - Twitter status with text Fusce massa Lorem Kafka ipsum congue
2023-06-08 09:01:48 [pool-1-thread-1] INFO  c.m.d.t.t.k.s.l.TwitterKafkaStatusListener - Twitter status with text sit massa sit pulvinar Java congue Fusce
2023-06-08 09:01:58 [pool-1-thread-1] INFO  c.m.d.t.t.k.s.l.TwitterKafkaStatusListener - Twitter status with text Lorem massa massa sed purus libero Kafka pulvinar lectus pulvinar porttitor
2023-06-08 09:02:08 [pool-1-thread-1] INFO  c.m.d.t.t.k.s.l.TwitterKafkaStatusListener - Twitter status with text porttitor magna lectus posuere sit magna Microservices Maecenas Fusce magna amet
2023-06-08 09:02:18 [pool-1-thread-1] INFO  c.m.d.t.t.k.s.l.TwitterKafkaStatusListener - Twitter status with text Fusce Fusce adipiscing adipiscing Microservices amet sit Fusce
2023-06-08 09:02:28 [pool-1-thread-1] INFO  c.m.d.t.t.k.s.l.TwitterKafkaStatusListener - Twitter status with text amet magna sed ultricies Microservices posuere congue
2023-06-08 09:02:38 [pool-1-thread-1] INFO  c.m.d.t.t.k.s.l.TwitterKafkaStatusListener - Twitter status with text ipsum sed porttitor porttitor ultricies Elasticsearch libero amet dolor porttitor
2023-06-08 09:02:48 [pool-1-thread-1] INFO  c.m.d.t.t.k.s.l.TwitterKafkaStatusListener - Twitter status with text elit Maecenas malesuada magna Java consectetuer massa Maecenas
2023-06-08 09:02:58 [pool-1-thread-1] INFO  c.m.d.t.t.k.s.l.TwitterKafkaStatusListener - Twitter status with text Lorem purus lectus ipsum sed Elasticsearch lectus sed malesuada libero
2023-06-08 09:03:08 [pool-1-thread-1] INFO  c.m.d.t.t.k.s.l.TwitterKafkaStatusListener - Twitter status with text Fusce magna libero Fusce ultricies magna Elasticsearch consectetuer consectetuer sed amet
2023-06-08 09:03:18 [pool-1-thread-1] INFO  c.m.d.t.t.k.s.l.TwitterKafkaStatusListener - Twitter status with text Maecenas posuere Lorem Kafka lectus lectus
2023-06-08 09:03:28 [pool-1-thread-1] INFO  c.m.d.t.t.k.s.l.TwitterKafkaStatusListener - Twitter status with text congue dolor porttitor amet amet Java lectus Fusce ultricies
2023-06-08 09:03:38 [pool-1-thread-1] INFO  c.m.d.t.t.k.s.l.TwitterKafkaStatusListener - Twitter status with text pulvinar pulvinar pulvinar dolor Java elit congue pulvinar
2023-06-08 09:03:48 [pool-1-thread-1] INFO  c.m.d.t.t.k.s.l.TwitterKafkaStatusListener - Twitter status with text porttitor massa ipsum ultricies Elasticsearch dolor sed pulvinar
2023-06-08 09:03:58 [pool-1-thread-1] INFO  c.m.d.t.t.k.s.l.TwitterKafkaStatusListener - Twitter status with text ipsum consectetuer sed Microservices pulvinar ultricies
2023-06-08 09:04:08 [pool-1-thread-1] INFO  c.m.d.t.t.k.s.l.TwitterKafkaStatusListener - Twitter status with text Maecenas sit dolor Lorem malesuada Maecenas Microservices sit Fusce ipsum sit
2023-06-08 09:04:18 [pool-1-thread-1] INFO  c.m.d.t.t.k.s.l.TwitterKafkaStatusListener - Twitter status with text adipiscing lectus Lorem magna ipsum Microservices sed purus lectus
2023-06-08 09:04:28 [pool-1-thread-1] INFO  c.m.d.t.t.k.s.l.TwitterKafkaStatusListener - Twitter status with text malesuada elit malesuada massa Microservices Fusce Fusce adipiscing
2023-06-08 09:04:38 [pool-1-thread-1] INFO  c.m.d.t.t.k.s.l.TwitterKafkaStatusListener - Twitter status with text consectetuer Lorem sit magna Maecenas Maecenas Microservices libero adipiscing elit Fusce
2023-06-08 09:04:48 [pool-1-thread-1] INFO  c.m.d.t.t.k.s.l.TwitterKafkaStatusListener - Twitter status with text elit lectus Fusce consectetuer dolor Java sit congue dolor ipsum
2023-06-08 09:04:58 [pool-1-thread-1] INFO  c.m.d.t.t.k.s.l.TwitterKafkaStatusListener - Twitter status with text adipiscing pulvinar dolor purus Elasticsearch ipsum sit
2023-06-08 09:05:08 [pool-1-thread-1] INFO  c.m.d.t.t.k.s.l.TwitterKafkaStatusListener - Twitter status with text malesuada sit ultricies Fusce elit Kafka adipiscing lectus congue
2023-06-08 09:05:18 [pool-1-thread-1] INFO  c.m.d.t.t.k.s.l.TwitterKafkaStatusListener - Twitter status with text Fusce malesuada pulvinar Java adipiscing massa
2023-06-08 09:05:28 [pool-1-thread-1] INFO  c.m.d.t.t.k.s.l.TwitterKafkaStatusListener - Twitter status with text ultricies sit magna adipiscing porttitor Java Fusce porttitor Fusce
2023-06-08 09:05:38 [pool-1-thread-1] INFO  c.m.d.t.t.k.s.l.TwitterKafkaStatusListener - Twitter status with text congue pulvinar congue Microservices lectus Lorem
2023-06-08 09:05:48 [pool-1-thread-1] INFO  c.m.d.t.t.k.s.l.TwitterKafkaStatusListener - Twitter status with text consectetuer amet adipiscing lectus Lorem Microservices sed ultricies dolor
2023-06-08 09:05:58 [pool-1-thread-1] INFO  c.m.d.t.t.k.s.l.TwitterKafkaStatusListener - Twitter status with text ultricies massa congue Kafka adipiscing Fusce
2023-06-08 09:06:08 [pool-1-thread-1] INFO  c.m.d.t.t.k.s.l.TwitterKafkaStatusListener - Twitter status with text porttitor lectus sed purus Microservices dolor adipiscing
2023-06-08 09:06:18 [pool-1-thread-1] INFO  c.m.d.t.t.k.s.l.TwitterKafkaStatusListener - Twitter status with text Lorem magna magna ipsum Kafka ipsum pulvinar
2023-06-08 09:06:28 [pool-1-thread-1] INFO  c.m.d.t.t.k.s.l.TwitterKafkaStatusListener - Twitter status with text malesuada Lorem magna Java ipsum ipsum
2023-06-08 09:06:38 [pool-1-thread-1] INFO  c.m.d.t.t.k.s.l.TwitterKafkaStatusListener - Twitter status with text ultricies Fusce malesuada malesuada Java purus pulvinar adipiscing
2023-06-08 09:06:48 [pool-1-thread-1] INFO  c.m.d.t.t.k.s.l.TwitterKafkaStatusListener - Twitter status with text posuere malesuada Maecenas congue Elasticsearch posuere pulvinar massa
2023-06-08 09:06:58 [pool-1-thread-1] INFO  c.m.d.t.t.k.s.l.TwitterKafkaStatusListener - Twitter status with text ipsum sed sed ultricies Elasticsearch Fusce Fusce sed
2023-06-08 09:07:08 [pool-1-thread-1] INFO  c.m.d.t.t.k.s.l.TwitterKafkaStatusListener - Twitter status with text ultricies lectus Lorem dolor Microservices porttitor posuere porttitor
2023-06-08 09:07:18 [pool-1-thread-1] INFO  c.m.d.t.t.k.s.l.TwitterKafkaStatusListener - Twitter status with text elit sed massa dolor Fusce malesuada Kafka elit elit sed Lorem
2023-06-08 09:07:28 [pool-1-thread-1] INFO  c.m.d.t.t.k.s.l.TwitterKafkaStatusListener - Twitter status with text sed amet purus consectetuer magna Kafka massa congue elit
2023-06-08 09:07:38 [pool-1-thread-1] INFO  c.m.d.t.t.k.s.l.TwitterKafkaStatusListener - Twitter status with text Maecenas Maecenas malesuada posuere Microservices posuere sit
2023-06-08 09:07:48 [pool-1-thread-1] INFO  c.m.d.t.t.k.s.l.TwitterKafkaStatusListener - Twitter status with text porttitor sed posuere porttitor lectus Kafka ultricies ipsum Fusce Fusce
2023-06-08 09:07:58 [pool-1-thread-1] INFO  c.m.d.t.t.k.s.l.TwitterKafkaStatusListener - Twitter status with text adipiscing massa Maecenas Elasticsearch libero adipiscing
2023-06-08 09:08:08 [pool-1-thread-1] INFO  c.m.d.t.t.k.s.l.TwitterKafkaStatusListener - Twitter status with text ultricies pulvinar porttitor Microservices consectetuer sed
2023-06-08 09:08:18 [pool-1-thread-1] INFO  c.m.d.t.t.k.s.l.TwitterKafkaStatusListener - Twitter status with text posuere lectus Maecenas libero Kafka Fusce Maecenas
2023-06-08 09:08:28 [pool-1-thread-1] INFO  c.m.d.t.t.k.s.l.TwitterKafkaStatusListener - Twitter status with text posuere massa consectetuer posuere Java lectus magna porttitor
2023-06-08 09:08:38 [pool-1-thread-1] INFO  c.m.d.t.t.k.s.l.TwitterKafkaStatusListener - Twitter status with text elit magna Lorem congue Maecenas adipiscing Java congue porttitor ultricies Maecenas
2023-06-08 09:08:48 [pool-1-thread-1] INFO  c.m.d.t.t.k.s.l.TwitterKafkaStatusListener - Twitter status with text sit malesuada malesuada porttitor Java ultricies libero ultricies
2023-06-08 09:08:58 [pool-1-thread-1] INFO  c.m.d.t.t.k.s.l.TwitterKafkaStatusListener - Twitter status with text Maecenas ultricies lectus congue Java consectetuer lectus adipiscing
2023-06-08 09:09:08 [pool-1-thread-1] INFO  c.m.d.t.t.k.s.l.TwitterKafkaStatusListener - Twitter status with text ultricies massa purus adipiscing Java magna sit magna
2023-06-08 09:09:18 [pool-1-thread-1] INFO  c.m.d.t.t.k.s.l.TwitterKafkaStatusListener - Twitter status with text amet dolor porttitor pulvinar Java magna sit
2023-06-08 09:09:28 [pool-1-thread-1] INFO  c.m.d.t.t.k.s.l.TwitterKafkaStatusListener - Twitter status with text consectetuer amet amet Java magna magna
2023-06-08 09:09:38 [pool-1-thread-1] INFO  c.m.d.t.t.k.s.l.TwitterKafkaStatusListener - Twitter status with text purus congue ultricies elit Microservices elit sit malesuada
2023-06-08 09:09:48 [pool-1-thread-1] INFO  c.m.d.t.t.k.s.l.TwitterKafkaStatusListener - Twitter status with text purus dolor malesuada consectetuer Microservices congue malesuada sed
2023-06-08 09:09:58 [pool-1-thread-1] INFO  c.m.d.t.t.k.s.l.TwitterKafkaStatusListener - Twitter status with text malesuada purus sit Microservices adipiscing Lorem
2023-06-08 09:10:08 [pool-1-thread-1] INFO  c.m.d.t.t.k.s.l.TwitterKafkaStatusListener - Twitter status with text elit malesuada amet Fusce elit Java malesuada ipsum Lorem
2023-06-08 09:10:18 [pool-1-thread-1] INFO  c.m.d.t.t.k.s.l.TwitterKafkaStatusListener - Twitter status with text ultricies purus massa congue adipiscing Java porttitor purus ultricies adipiscing
2023-06-08 09:10:28 [pool-1-thread-1] INFO  c.m.d.t.t.k.s.l.TwitterKafkaStatusListener - Twitter status with text dolor Fusce lectus amet Microservices Fusce congue
2023-06-08 09:10:38 [pool-1-thread-1] INFO  c.m.d.t.t.k.s.l.TwitterKafkaStatusListener - Twitter status with text ultricies adipiscing porttitor purus sed Lorem Microservices amet sit posuere porttitor
2023-06-08 09:10:48 [pool-1-thread-1] INFO  c.m.d.t.t.k.s.l.TwitterKafkaStatusListener - Twitter status with text lectus dolor Fusce ultricies Fusce Microservices massa Maecenas Lorem
2023-06-08 09:10:58 [pool-1-thread-1] INFO  c.m.d.t.t.k.s.l.TwitterKafkaStatusListener - Twitter status with text lectus ipsum pulvinar Microservices elit Maecenas
2023-06-08 09:11:08 [pool-1-thread-1] INFO  c.m.d.t.t.k.s.l.TwitterKafkaStatusListener - Twitter status with text Maecenas massa libero Fusce amet Java Lorem malesuada ultricies
2023-06-08 09:11:18 [pool-1-thread-1] INFO  c.m.d.t.t.k.s.l.TwitterKafkaStatusListener - Twitter status with text congue Lorem Fusce elit sit purus Java congue Lorem amet Maecenas
2023-06-08 09:11:28 [pool-1-thread-1] INFO  c.m.d.t.t.k.s.l.TwitterKafkaStatusListener - Twitter status with text porttitor Fusce malesuada Maecenas Fusce Kafka consectetuer magna amet
2023-06-08 09:11:38 [pool-1-thread-1] INFO  c.m.d.t.t.k.s.l.TwitterKafkaStatusListener - Twitter status with text massa consectetuer amet congue malesuada Elasticsearch consectetuer Lorem adipiscing
2023-06-08 09:11:48 [pool-1-thread-1] INFO  c.m.d.t.t.k.s.l.TwitterKafkaStatusListener - Twitter status with text massa consectetuer Maecenas adipiscing Lorem dolor Elasticsearch elit pulvinar Maecenas amet
2023-06-08 09:11:58 [pool-1-thread-1] INFO  c.m.d.t.t.k.s.l.TwitterKafkaStatusListener - Twitter status with text Lorem posuere sed elit massa congue Microservices dolor consectetuer elit ipsum
2023-06-08 09:12:08 [pool-1-thread-1] INFO  c.m.d.t.t.k.s.l.TwitterKafkaStatusListener - Twitter status with text sed pulvinar sit consectetuer Elasticsearch porttitor pulvinar
2023-06-08 09:12:18 [pool-1-thread-1] INFO  c.m.d.t.t.k.s.l.TwitterKafkaStatusListener - Twitter status with text Maecenas elit amet libero sed Microservices dolor Maecenas sit
2023-06-08 09:12:28 [pool-1-thread-1] INFO  c.m.d.t.t.k.s.l.TwitterKafkaStatusListener - Twitter status with text malesuada Maecenas amet Microservices sed posuere
2023-06-08 09:12:38 [pool-1-thread-1] INFO  c.m.d.t.t.k.s.l.TwitterKafkaStatusListener - Twitter status with text posuere purus adipiscing sit Java pulvinar sit
2023-06-08 09:12:48 [pool-1-thread-1] INFO  c.m.d.t.t.k.s.l.TwitterKafkaStatusListener - Twitter status with text dolor magna ultricies consectetuer Kafka amet ultricies adipiscing
2023-06-08 09:12:58 [pool-1-thread-1] INFO  c.m.d.t.t.k.s.l.TwitterKafkaStatusListener - Twitter status with text adipiscing massa pulvinar sit sit Java Lorem libero dolor
2023-06-08 09:13:08 [pool-1-thread-1] INFO  c.m.d.t.t.k.s.l.TwitterKafkaStatusListener - Twitter status with text consectetuer consectetuer dolor adipiscing Java Lorem Lorem pulvinar
2023-06-08 09:13:18 [pool-1-thread-1] INFO  c.m.d.t.t.k.s.l.TwitterKafkaStatusListener - Twitter status with text adipiscing amet Maecenas Microservices Fusce Fusce
2023-06-08 09:13:28 [pool-1-thread-1] INFO  c.m.d.t.t.k.s.l.TwitterKafkaStatusListener - Twitter status with text posuere porttitor massa sit Kafka consectetuer consectetuer consectetuer
2023-06-08 09:13:38 [pool-1-thread-1] INFO  c.m.d.t.t.k.s.l.TwitterKafkaStatusListener - Twitter status with text Fusce elit Maecenas pulvinar Microservices posuere massa
2023-06-08 09:13:48 [pool-1-thread-1] INFO  c.m.d.t.t.k.s.l.TwitterKafkaStatusListener - Twitter status with text porttitor posuere massa libero sed Kafka elit malesuada libero sed
2023-06-08 09:13:58 [pool-1-thread-1] INFO  c.m.d.t.t.k.s.l.TwitterKafkaStatusListener - Twitter status with text congue ultricies ipsum malesuada lectus Elasticsearch amet congue lectus
2023-06-08 09:14:08 [pool-1-thread-1] INFO  c.m.d.t.t.k.s.l.TwitterKafkaStatusListener - Twitter status with text adipiscing lectus Maecenas congue magna lectus Microservices consectetuer purus Maecenas ipsum
2023-06-08 09:14:18 [pool-1-thread-1] INFO  c.m.d.t.t.k.s.l.TwitterKafkaStatusListener - Twitter status with text Lorem posuere ipsum amet Java sed porttitor
2023-06-08 09:14:28 [pool-1-thread-1] INFO  c.m.d.t.t.k.s.l.TwitterKafkaStatusListener - Twitter status with text amet amet consectetuer Kafka porttitor malesuada
2023-06-08 09:14:38 [pool-1-thread-1] INFO  c.m.d.t.t.k.s.l.TwitterKafkaStatusListener - Twitter status with text congue libero dolor elit malesuada Kafka sed pulvinar ipsum
2023-06-08 09:14:48 [pool-1-thread-1] INFO  c.m.d.t.t.k.s.l.TwitterKafkaStatusListener - Twitter status with text amet lectus libero lectus Elasticsearch Maecenas magna massa
2023-06-08 09:14:58 [pool-1-thread-1] INFO  c.m.d.t.t.k.s.l.TwitterKafkaStatusListener - Twitter status with text consectetuer consectetuer magna libero Java consectetuer sit libero
2023-06-08 09:15:08 [pool-1-thread-1] INFO  c.m.d.t.t.k.s.l.TwitterKafkaStatusListener - Twitter status with text massa elit sit libero Elasticsearch congue congue sed
2023-06-08 09:15:18 [pool-1-thread-1] INFO  c.m.d.t.t.k.s.l.TwitterKafkaStatusListener - Twitter status with text elit malesuada elit magna Microservices elit congue
2023-06-08 09:15:28 [pool-1-thread-1] INFO  c.m.d.t.t.k.s.l.TwitterKafkaStatusListener - Twitter status with text sit pulvinar purus lectus Java sed Maecenas
2023-06-08 09:15:38 [pool-1-thread-1] INFO  c.m.d.t.t.k.s.l.TwitterKafkaStatusListener - Twitter status with text sit congue sed Microservices consectetuer massa
2023-06-08 09:15:48 [pool-1-thread-1] INFO  c.m.d.t.t.k.s.l.TwitterKafkaStatusListener - Twitter status with text lectus congue amet dolor libero Kafka amet Lorem Fusce pulvinar
2023-06-08 09:15:58 [pool-1-thread-1] INFO  c.m.d.t.t.k.s.l.TwitterKafkaStatusListener - Twitter status with text Lorem ipsum consectetuer magna porttitor Elasticsearch Maecenas congue ipsum Fusce
2023-06-08 09:16:08 [pool-1-thread-1] INFO  c.m.d.t.t.k.s.l.TwitterKafkaStatusListener - Twitter status with text libero Lorem sit consectetuer Kafka pulvinar massa dolor
2023-06-08 09:16:18 [pool-1-thread-1] INFO  c.m.d.t.t.k.s.l.TwitterKafkaStatusListener - Twitter status with text amet adipiscing sed ultricies Microservices sed elit
2023-06-08 09:16:28 [pool-1-thread-1] INFO  c.m.d.t.t.k.s.l.TwitterKafkaStatusListener - Twitter status with text lectus elit sed pulvinar Elasticsearch pulvinar sed sit
2023-06-08 09:16:38 [pool-1-thread-1] INFO  c.m.d.t.t.k.s.l.TwitterKafkaStatusListener - Twitter status with text posuere lectus dolor elit consectetuer Microservices Lorem pulvinar ipsum
2023-06-08 09:16:48 [pool-1-thread-1] INFO  c.m.d.t.t.k.s.l.TwitterKafkaStatusListener - Twitter status with text ipsum sit elit amet porttitor congue Microservices sit sit elit purus
2023-06-08 09:16:58 [pool-1-thread-1] INFO  c.m.d.t.t.k.s.l.TwitterKafkaStatusListener - Twitter status with text Lorem sit consectetuer Microservices adipiscing porttitor
2023-06-08 09:17:08 [pool-1-thread-1] INFO  c.m.d.t.t.k.s.l.TwitterKafkaStatusListener - Twitter status with text adipiscing purus congue adipiscing sit Microservices Lorem elit purus Lorem
2023-06-08 09:17:18 [pool-1-thread-1] INFO  c.m.d.t.t.k.s.l.TwitterKafkaStatusListener - Twitter status with text ultricies porttitor elit Fusce ipsum dolor Elasticsearch elit posuere amet pulvinar
2023-06-08 09:17:28 [pool-1-thread-1] INFO  c.m.d.t.t.k.s.l.TwitterKafkaStatusListener - Twitter status with text magna ipsum purus lectus porttitor purus Elasticsearch sed posuere amet Fusce
2023-06-08 09:17:38 [pool-1-thread-1] INFO  c.m.d.t.t.k.s.l.TwitterKafkaStatusListener - Twitter status with text porttitor adipiscing Fusce amet malesuada Microservices ipsum pulvinar porttitor Fusce
2023-06-08 09:17:48 [pool-1-thread-1] INFO  c.m.d.t.t.k.s.l.TwitterKafkaStatusListener - Twitter status with text consectetuer sed consectetuer ultricies Lorem Kafka sit libero dolor lectus
2023-06-08 09:17:58 [pool-1-thread-1] INFO  c.m.d.t.t.k.s.l.TwitterKafkaStatusListener - Twitter status with text adipiscing massa dolor Microservices libero sed
2023-06-08 09:18:08 [pool-1-thread-1] INFO  c.m.d.t.t.k.s.l.TwitterKafkaStatusListener - Twitter status with text sit purus massa pulvinar Microservices consectetuer consectetuer
2023-06-08 09:18:18 [pool-1-thread-1] INFO  c.m.d.t.t.k.s.l.TwitterKafkaStatusListener - Twitter status with text Lorem massa purus posuere elit libero Elasticsearch congue Maecenas Maecenas sit
2023-06-08 09:18:28 [pool-1-thread-1] INFO  c.m.d.t.t.k.s.l.TwitterKafkaStatusListener - Twitter status with text lectus Lorem purus amet libero Java Fusce Lorem ipsum ultricies
2023-06-08 09:18:38 [pool-1-thread-1] INFO  c.m.d.t.t.k.s.l.TwitterKafkaStatusListener - Twitter status with text Lorem massa Lorem malesuada purus sit Kafka sit adipiscing porttitor sit
2023-06-08 09:18:48 [pool-1-thread-1] INFO  c.m.d.t.t.k.s.l.TwitterKafkaStatusListener - Twitter status with text amet Lorem consectetuer pulvinar Elasticsearch Lorem Maecenas
2023-06-08 09:18:58 [pool-1-thread-1] INFO  c.m.d.t.t.k.s.l.TwitterKafkaStatusListener - Twitter status with text pulvinar Maecenas dolor amet ultricies purus Microservices libero consectetuer lectus Maecenas
2023-06-08 09:19:08 [pool-1-thread-1] INFO  c.m.d.t.t.k.s.l.TwitterKafkaStatusListener - Twitter status with text malesuada amet elit magna Lorem massa Java posuere ultricies sed adipiscing
2023-06-08 09:19:18 [pool-1-thread-1] INFO  c.m.d.t.t.k.s.l.TwitterKafkaStatusListener - Twitter status with text massa congue Maecenas Elasticsearch Lorem pulvinar
2023-06-08 09:19:28 [pool-1-thread-1] INFO  c.m.d.t.t.k.s.l.TwitterKafkaStatusListener - Twitter status with text amet consectetuer sed Kafka Maecenas dolor
2023-06-08 09:19:38 [pool-1-thread-1] INFO  c.m.d.t.t.k.s.l.TwitterKafkaStatusListener - Twitter status with text consectetuer malesuada malesuada Kafka porttitor porttitor
2023-06-08 09:19:48 [pool-1-thread-1] INFO  c.m.d.t.t.k.s.l.TwitterKafkaStatusListener - Twitter status with text porttitor libero sit Fusce malesuada lectus Java posuere dolor purus elit
2023-06-08 09:19:58 [pool-1-thread-1] INFO  c.m.d.t.t.k.s.l.TwitterKafkaStatusListener - Twitter status with text dolor ultricies porttitor consectetuer posuere malesuada Kafka libero massa posuere purus
2023-06-08 09:20:08 [pool-1-thread-1] INFO  c.m.d.t.t.k.s.l.TwitterKafkaStatusListener - Twitter status with text amet libero massa Fusce Kafka adipiscing sit
2023-06-08 09:20:18 [pool-1-thread-1] INFO  c.m.d.t.t.k.s.l.TwitterKafkaStatusListener - Twitter status with text malesuada sed elit purus pulvinar ipsum Java Maecenas malesuada adipiscing congue
2023-06-08 09:20:28 [pool-1-thread-1] INFO  c.m.d.t.t.k.s.l.TwitterKafkaStatusListener - Twitter status with text Maecenas malesuada ipsum dolor adipiscing Java consectetuer ipsum magna adipiscing
2023-06-08 09:20:38 [pool-1-thread-1] INFO  c.m.d.t.t.k.s.l.TwitterKafkaStatusListener - Twitter status with text amet congue porttitor sit Java congue massa ipsum
2023-06-08 09:20:48 [pool-1-thread-1] INFO  c.m.d.t.t.k.s.l.TwitterKafkaStatusListener - Twitter status with text Fusce ipsum massa lectus Java libero ipsum
2023-06-08 09:20:58 [pool-1-thread-1] INFO  c.m.d.t.t.k.s.l.TwitterKafkaStatusListener - Twitter status with text magna elit ultricies amet elit Kafka elit purus Maecenas
2023-06-08 09:21:08 [pool-1-thread-1] INFO  c.m.d.t.t.k.s.l.TwitterKafkaStatusListener - Twitter status with text porttitor massa porttitor pulvinar Java ultricies Lorem
2023-06-08 09:21:18 [pool-1-thread-1] INFO  c.m.d.t.t.k.s.l.TwitterKafkaStatusListener - Twitter status with text adipiscing adipiscing sed Lorem purus Maecenas Elasticsearch amet sed purus congue
2023-06-08 09:21:28 [pool-1-thread-1] INFO  c.m.d.t.t.k.s.l.TwitterKafkaStatusListener - Twitter status with text sed sed magna libero Microservices Fusce amet
2023-06-08 09:21:38 [pool-1-thread-1] INFO  c.m.d.t.t.k.s.l.TwitterKafkaStatusListener - Twitter status with text ipsum purus congue amet ipsum Java porttitor Lorem lectus
2023-06-08 09:21:48 [pool-1-thread-1] INFO  c.m.d.t.t.k.s.l.TwitterKafkaStatusListener - Twitter status with text Maecenas amet lectus malesuada consectetuer Microservices Fusce consectetuer ultricies amet
2023-06-08 09:21:58 [pool-1-thread-1] INFO  c.m.d.t.t.k.s.l.TwitterKafkaStatusListener - Twitter status with text porttitor magna congue adipiscing amet Microservices ultricies adipiscing lectus sed
2023-06-08 09:22:08 [pool-1-thread-1] INFO  c.m.d.t.t.k.s.l.TwitterKafkaStatusListener - Twitter status with text consectetuer Fusce elit adipiscing sed Microservices malesuada libero porttitor sed
2023-06-08 09:22:18 [pool-1-thread-1] INFO  c.m.d.t.t.k.s.l.TwitterKafkaStatusListener - Twitter status with text magna posuere libero Java posuere elit
2023-06-08 09:22:28 [pool-1-thread-1] INFO  c.m.d.t.t.k.s.l.TwitterKafkaStatusListener - Twitter status with text purus posuere porttitor elit Elasticsearch sit malesuada
2023-06-08 09:22:38 [pool-1-thread-1] INFO  c.m.d.t.t.k.s.l.TwitterKafkaStatusListener - Twitter status with text libero lectus ipsum Kafka lectus congue
2023-06-08 09:22:48 [pool-1-thread-1] INFO  c.m.d.t.t.k.s.l.TwitterKafkaStatusListener - Twitter status with text Fusce pulvinar massa amet magna elit Microservices adipiscing Lorem ipsum pulvinar
2023-06-08 09:22:58 [pool-1-thread-1] INFO  c.m.d.t.t.k.s.l.TwitterKafkaStatusListener - Twitter status with text lectus porttitor sit Maecenas lectus Microservices libero purus massa porttitor
2023-06-08 09:23:08 [pool-1-thread-1] INFO  c.m.d.t.t.k.s.l.TwitterKafkaStatusListener - Twitter status with text massa lectus elit posuere Elasticsearch sit sed
2023-06-08 09:23:18 [pool-1-thread-1] INFO  c.m.d.t.t.k.s.l.TwitterKafkaStatusListener - Twitter status with text sit porttitor pulvinar Microservices porttitor libero
2023-06-08 09:23:28 [pool-1-thread-1] INFO  c.m.d.t.t.k.s.l.TwitterKafkaStatusListener - Twitter status with text porttitor adipiscing sit posuere Kafka sed libero
2023-06-08 09:23:38 [pool-1-thread-1] INFO  c.m.d.t.t.k.s.l.TwitterKafkaStatusListener - Twitter status with text adipiscing magna lectus Fusce Elasticsearch congue lectus sit
2023-06-08 09:23:48 [pool-1-thread-1] INFO  c.m.d.t.t.k.s.l.TwitterKafkaStatusListener - Twitter status with text libero malesuada adipiscing Elasticsearch pulvinar sit
2023-06-08 09:23:58 [pool-1-thread-1] INFO  c.m.d.t.t.k.s.l.TwitterKafkaStatusListener - Twitter status with text purus libero adipiscing libero Lorem ipsum Java malesuada massa porttitor amet
2023-06-08 09:24:08 [pool-1-thread-1] INFO  c.m.d.t.t.k.s.l.TwitterKafkaStatusListener - Twitter status with text massa magna Fusce massa lectus Elasticsearch purus ultricies Maecenas
2023-06-08 09:24:18 [pool-1-thread-1] INFO  c.m.d.t.t.k.s.l.TwitterKafkaStatusListener - Twitter status with text consectetuer posuere dolor Microservices elit sit
2023-06-08 09:24:28 [pool-1-thread-1] INFO  c.m.d.t.t.k.s.l.TwitterKafkaStatusListener - Twitter status with text libero libero adipiscing congue Elasticsearch lectus porttitor
2023-06-08 09:24:38 [pool-1-thread-1] INFO  c.m.d.t.t.k.s.l.TwitterKafkaStatusListener - Twitter status with text sed sit elit pulvinar sed Kafka massa sed ultricies magna
2023-06-08 09:24:48 [pool-1-thread-1] INFO  c.m.d.t.t.k.s.l.TwitterKafkaStatusListener - Twitter status with text massa amet amet sed ultricies posuere Kafka dolor Fusce posuere libero
2023-06-08 09:24:58 [pool-1-thread-1] INFO  c.m.d.t.t.k.s.l.TwitterKafkaStatusListener - Twitter status with text magna amet sed Microservices consectetuer dolor
2023-06-08 09:25:08 [pool-1-thread-1] INFO  c.m.d.t.t.k.s.l.TwitterKafkaStatusListener - Twitter status with text elit libero lectus sit Kafka sit posuere consectetuer
2023-06-08 09:25:18 [pool-1-thread-1] INFO  c.m.d.t.t.k.s.l.TwitterKafkaStatusListener - Twitter status with text dolor sit massa congue Lorem Elasticsearch sit Maecenas consectetuer
2023-06-08 09:25:28 [pool-1-thread-1] INFO  c.m.d.t.t.k.s.l.TwitterKafkaStatusListener - Twitter status with text porttitor Maecenas posuere congue Java posuere congue consectetuer
2023-06-08 09:25:38 [pool-1-thread-1] INFO  c.m.d.t.t.k.s.l.TwitterKafkaStatusListener - Twitter status with text massa adipiscing sit consectetuer Java libero purus
2023-06-08 09:25:48 [pool-1-thread-1] INFO  c.m.d.t.t.k.s.l.TwitterKafkaStatusListener - Twitter status with text libero Maecenas sed Kafka dolor dolor
2023-06-08 09:25:58 [pool-1-thread-1] INFO  c.m.d.t.t.k.s.l.TwitterKafkaStatusListener - Twitter status with text adipiscing congue consectetuer amet malesuada Kafka Fusce pulvinar adipiscing
2023-06-08 09:26:08 [pool-1-thread-1] INFO  c.m.d.t.t.k.s.l.TwitterKafkaStatusListener - Twitter status with text Lorem ipsum Maecenas consectetuer magna Maecenas Elasticsearch sed pulvinar ipsum porttitor
2023-06-08 09:26:18 [pool-1-thread-1] INFO  c.m.d.t.t.k.s.l.TwitterKafkaStatusListener - Twitter status with text Maecenas ultricies sed consectetuer Microservices ultricies consectetuer magna
2023-06-08 09:26:28 [pool-1-thread-1] INFO  c.m.d.t.t.k.s.l.TwitterKafkaStatusListener - Twitter status with text sit malesuada consectetuer libero massa Elasticsearch ultricies sed magna
2023-06-08 09:26:38 [pool-1-thread-1] INFO  c.m.d.t.t.k.s.l.TwitterKafkaStatusListener - Twitter status with text congue Lorem adipiscing libero Java libero adipiscing
2023-06-08 09:26:48 [pool-1-thread-1] INFO  c.m.d.t.t.k.s.l.TwitterKafkaStatusListener - Twitter status with text libero Maecenas amet posuere Java Lorem sed
2023-06-08 09:26:58 [pool-1-thread-1] INFO  c.m.d.t.t.k.s.l.TwitterKafkaStatusListener - Twitter status with text Maecenas porttitor sit congue porttitor Elasticsearch purus libero pulvinar ipsum
2023-06-08 09:27:08 [pool-1-thread-1] INFO  c.m.d.t.t.k.s.l.TwitterKafkaStatusListener - Twitter status with text lectus dolor pulvinar magna Java massa porttitor
2023-06-08 09:27:18 [pool-1-thread-1] INFO  c.m.d.t.t.k.s.l.TwitterKafkaStatusListener - Twitter status with text sit pulvinar lectus dolor ultricies massa Microservices ultricies libero massa Maecenas
2023-06-08 09:27:28 [pool-1-thread-1] INFO  c.m.d.t.t.k.s.l.TwitterKafkaStatusListener - Twitter status with text sed porttitor malesuada ipsum Java libero Maecenas
2023-06-08 09:27:38 [pool-1-thread-1] INFO  c.m.d.t.t.k.s.l.TwitterKafkaStatusListener - Twitter status with text malesuada libero consectetuer malesuada amet massa Elasticsearch ultricies lectus adipiscing sed
2023-06-08 09:27:48 [pool-1-thread-1] INFO  c.m.d.t.t.k.s.l.TwitterKafkaStatusListener - Twitter status with text pulvinar Lorem elit malesuada Elasticsearch Maecenas Maecenas
2023-06-08 09:27:58 [pool-1-thread-1] INFO  c.m.d.t.t.k.s.l.TwitterKafkaStatusListener - Twitter status with text ultricies libero dolor ipsum Elasticsearch Fusce massa Fusce
2023-06-08 09:28:08 [pool-1-thread-1] INFO  c.m.d.t.t.k.s.l.TwitterKafkaStatusListener - Twitter status with text dolor sit ipsum amet elit amet Kafka pulvinar sit lectus purus
2023-06-08 09:28:18 [pool-1-thread-1] INFO  c.m.d.t.t.k.s.l.TwitterKafkaStatusListener - Twitter status with text consectetuer libero Lorem malesuada Kafka sed lectus
2023-06-08 09:28:28 [pool-1-thread-1] INFO  c.m.d.t.t.k.s.l.TwitterKafkaStatusListener - Twitter status with text porttitor consectetuer massa amet malesuada Java Lorem ipsum dolor posuere
2023-06-08 09:28:38 [pool-1-thread-1] INFO  c.m.d.t.t.k.s.l.TwitterKafkaStatusListener - Twitter status with text lectus elit massa Kafka posuere Fusce
2023-06-08 09:28:48 [pool-1-thread-1] INFO  c.m.d.t.t.k.s.l.TwitterKafkaStatusListener - Twitter status with text sed ultricies adipiscing Maecenas posuere Java purus congue dolor Fusce
2023-06-08 09:28:58 [pool-1-thread-1] INFO  c.m.d.t.t.k.s.l.TwitterKafkaStatusListener - Twitter status with text elit Maecenas dolor consectetuer Java magna Maecenas consectetuer
2023-06-08 09:29:08 [pool-1-thread-1] INFO  c.m.d.t.t.k.s.l.TwitterKafkaStatusListener - Twitter status with text congue posuere magna massa consectetuer Java elit magna dolor
2023-06-08 09:29:18 [pool-1-thread-1] INFO  c.m.d.t.t.k.s.l.TwitterKafkaStatusListener - Twitter status with text sed dolor massa posuere adipiscing Microservices elit elit sed
2023-06-08 09:29:28 [pool-1-thread-1] INFO  c.m.d.t.t.k.s.l.TwitterKafkaStatusListener - Twitter status with text elit ipsum sit elit pulvinar adipiscing Microservices adipiscing elit ipsum posuere
2023-06-08 09:29:38 [pool-1-thread-1] INFO  c.m.d.t.t.k.s.l.TwitterKafkaStatusListener - Twitter status with text ipsum magna Maecenas adipiscing lectus magna Elasticsearch ultricies Maecenas sit consectetuer
2023-06-08 09:29:48 [pool-1-thread-1] INFO  c.m.d.t.t.k.s.l.TwitterKafkaStatusListener - Twitter status with text ultricies libero purus sit Java congue pulvinar
2023-06-08 09:29:58 [pool-1-thread-1] INFO  c.m.d.t.t.k.s.l.TwitterKafkaStatusListener - Twitter status with text massa elit consectetuer amet Maecenas Kafka lectus ultricies lectus consectetuer
2023-06-08 09:30:08 [pool-1-thread-1] INFO  c.m.d.t.t.k.s.l.TwitterKafkaStatusListener - Twitter status with text sit sed elit lectus consectetuer Java magna dolor congue Lorem
2023-06-08 09:30:18 [pool-1-thread-1] INFO  c.m.d.t.t.k.s.l.TwitterKafkaStatusListener - Twitter status with text dolor Fusce ultricies Elasticsearch Fusce porttitor
2023-06-08 09:30:28 [pool-1-thread-1] INFO  c.m.d.t.t.k.s.l.TwitterKafkaStatusListener - Twitter status with text purus lectus congue amet congue Kafka dolor porttitor elit adipiscing
2023-06-08 09:30:38 [pool-1-thread-1] INFO  c.m.d.t.t.k.s.l.TwitterKafkaStatusListener - Twitter status with text amet Lorem congue posuere Microservices purus Maecenas lectus
2023-06-08 09:30:48 [pool-1-thread-1] INFO  c.m.d.t.t.k.s.l.TwitterKafkaStatusListener - Twitter status with text consectetuer ipsum purus sed massa Microservices Maecenas ipsum libero
2023-06-08 09:30:58 [pool-1-thread-1] INFO  c.m.d.t.t.k.s.l.TwitterKafkaStatusListener - Twitter status with text sit Lorem posuere pulvinar sit Java pulvinar purus pulvinar sit
2023-06-08 09:31:08 [pool-1-thread-1] INFO  c.m.d.t.t.k.s.l.TwitterKafkaStatusListener - Twitter status with text consectetuer Fusce congue purus Kafka ipsum elit massa
2023-06-08 09:31:18 [pool-1-thread-1] INFO  c.m.d.t.t.k.s.l.TwitterKafkaStatusListener - Twitter status with text posuere Maecenas congue massa Kafka congue amet
2023-06-08 09:31:28 [pool-1-thread-1] INFO  c.m.d.t.t.k.s.l.TwitterKafkaStatusListener - Twitter status with text porttitor elit libero Fusce elit Elasticsearch elit libero ipsum
2023-06-08 09:31:38 [pool-1-thread-1] INFO  c.m.d.t.t.k.s.l.TwitterKafkaStatusListener - Twitter status with text Maecenas sed congue ipsum sed Java congue porttitor libero massa
2023-06-08 09:31:48 [pool-1-thread-1] INFO  c.m.d.t.t.k.s.l.TwitterKafkaStatusListener - Twitter status with text purus sed lectus purus Kafka Maecenas sit dolor
2023-06-08 09:31:58 [pool-1-thread-1] INFO  c.m.d.t.t.k.s.l.TwitterKafkaStatusListener - Twitter status with text consectetuer libero sit Elasticsearch Maecenas sed
2023-06-08 09:32:08 [pool-1-thread-1] INFO  c.m.d.t.t.k.s.l.TwitterKafkaStatusListener - Twitter status with text elit magna adipiscing ipsum consectetuer consectetuer Elasticsearch porttitor pulvinar libero porttitor
2023-06-08 09:32:18 [pool-1-thread-1] INFO  c.m.d.t.t.k.s.l.TwitterKafkaStatusListener - Twitter status with text ultricies purus sit Elasticsearch amet sit
2023-06-08 09:32:28 [pool-1-thread-1] INFO  c.m.d.t.t.k.s.l.TwitterKafkaStatusListener - Twitter status with text lectus Fusce massa purus sed libero Java posuere porttitor sed malesuada
2023-06-08 09:32:38 [pool-1-thread-1] INFO  c.m.d.t.t.k.s.l.TwitterKafkaStatusListener - Twitter status with text posuere malesuada dolor Maecenas elit Elasticsearch porttitor pulvinar consectetuer
2023-06-08 09:32:48 [pool-1-thread-1] INFO  c.m.d.t.t.k.s.l.TwitterKafkaStatusListener - Twitter status with text Lorem posuere amet posuere Elasticsearch consectetuer Maecenas
2023-06-08 09:32:58 [pool-1-thread-1] INFO  c.m.d.t.t.k.s.l.TwitterKafkaStatusListener - Twitter status with text ultricies dolor Fusce ipsum porttitor Java dolor Maecenas consectetuer dolor
2023-06-08 09:33:08 [pool-1-thread-1] INFO  c.m.d.t.t.k.s.l.TwitterKafkaStatusListener - Twitter status with text elit Lorem pulvinar sed purus Kafka massa lectus elit
2023-06-08 09:33:18 [pool-1-thread-1] INFO  c.m.d.t.t.k.s.l.TwitterKafkaStatusListener - Twitter status with text libero Maecenas massa Kafka amet posuere
2023-06-08 09:33:28 [pool-1-thread-1] INFO  c.m.d.t.t.k.s.l.TwitterKafkaStatusListener - Twitter status with text Lorem Maecenas ipsum Fusce elit Microservices pulvinar ultricies dolor
2023-06-08 09:33:38 [pool-1-thread-1] INFO  c.m.d.t.t.k.s.l.TwitterKafkaStatusListener - Twitter status with text sit Maecenas libero sit Microservices Fusce pulvinar ipsum
2023-06-08 09:33:48 [pool-1-thread-1] INFO  c.m.d.t.t.k.s.l.TwitterKafkaStatusListener - Twitter status with text adipiscing congue lectus dolor sed sit Kafka pulvinar adipiscing consectetuer congue
2023-06-08 09:51:48 [pool-1-thread-1] INFO  c.m.d.t.t.k.s.l.TwitterKafkaStatusListener - Twitter status with text sed ipsum purus ipsum massa Kafka sed elit magna posuere
2023-06-08 09:51:58 [pool-1-thread-1] INFO  c.m.d.t.t.k.s.l.TwitterKafkaStatusListener - Twitter status with text Fusce adipiscing sit dolor Java purus adipiscing
